[www.wix.com/templateses/cap-hats_es.html]
[external.html]
[backblue.gif]
[fade.gif]
[static.parastorage.com/unpkg/core-js-bundle@3.2.1/minified.js]
[static.parastorage.com/unpkg/focus-within-polyfill@5.0.9/dist/focus-within-polyfill.js]
[index.html]
[polyfill-fastly.io/v3/polyfill.mind82c.js]
[www.wix.com/templateses/c.4.delayed]
[www.wix.com/templateses/t.5.delayed]
[static.parastorage.com/services/cookie-sync-service/1.28.0/embed-cidx.bundle.min.js]
[www.wix.com/templateses/cap-hats_es/blog-feed.xml]
[www.wix.com/templateses/cap-hats_es/cart.html]
[static.wixstatic.com/media/baac51_88d59da2f5a844e9850ee580ab0c8b8d_mv2_d_4/v1/fill/w_147,h_65,al_c,q_80,usm_0.66_1.00_0.01,blur_2,/baac51_88d59da2f5a844e9850ee580ab0c8b8d_mv2_d_400]
[www.wix.com/templateses/cap-hats_es/tienda.html]
[www.wix.com/templateses/cap-hats_es/product-page/soy-un-producto.html]
[static.wixstatic.com/media/baac51_e0ebe39677864d7f934e2544bbf9ae19_mv2_d_2/v1/fill/w_147,h_110,al_c,q_80,usm_0.66_1.00_0.01,blur_2/baac51_e0ebe39677864d7f934e2544bbf9ae19_mv2_d_200]
[www.wix.com/templateses/cap-hats_es/product-page/soy-un-producto-1.html]
[static.wixstatic.com/media/baac51_ae96d298952242c2bb5cce4abdcab7a9_mv2_d_2/v1/fill/w_147,h_110,al_c,q_80,usm_0.66_1.00_0.01,blur_2/baac51_ae96d298952242c2bb5cce4abdcab7a9_mv2_d_200]
[www.wix.com/templateses/cap-hats_es/product-page/soy-un-producto-2.html]
[static.wixstatic.com/media/baac51_444fa6e3add545a6b3757f46a11ee9de_mv2_d_2/v1/fill/w_147,h_110,al_c,q_80,usm_0.66_1.00_0.01,blur_2/baac51_444fa6e3add545a6b3757f46a11ee9de_mv2_d_200]
[www.wix.com/templateses/cap-hats_es/product-page/soy-un-producto-3.html]
[static.wixstatic.com/media/baac51_96428f6f85de47268baeffa9258f681f_mv2_d_2/v1/fill/w_147,h_110,al_c,q_80,usm_0.66_1.00_0.01,blur_2/baac51_96428f6f85de47268baeffa9258f681f_mv2_d_200]
[static.wixstatic.com/media/baac51_34821e1460024305a72be06274bd65d6_mv2_d_2/v1/fill/w_147,h_110,al_c,q_80,usm_0.66_1.00_0.01,blur_2/baac51_34821e1460024305a72be06274bd65d6_mv2_d_200]
[www.wix.com/templateses/cap-hats_es/product-page/soy-un-producto-4.html]
[www.wix.com/templateses/cap-hats_es/product-page/soy-un-producto-5.html]
[static.wixstatic.com/media/baac51_b9031651b1e2480b80e11d455923f407_mv2_d_2/v1/fill/w_147,h_110,al_c,q_80,usm_0.66_1.00_0.01,blur_2/baac51_b9031651b1e2480b80e11d455923f407_mv2_d_200]
[static.wixstatic.com/media/baac51_3564de284ffd41e6a9b4f3f908e3003a_mv2_d_2/v1/fill/w_147,h_110,al_c,q_80,usm_0.66_1.00_0.01,blur_2/baac51_3564de284ffd41e6a9b4f3f908e3003a_mv2_d_200]
[static.wixstatic.com/media/baac51_09cf1d76e0dc44c4a7b5b71ccfd7c597_mv2_d_2/v1/fill/w_147,h_110,al_c,q_80,usm_0.66_1.00_0.01,blur_2/baac51_09cf1d76e0dc44c4a7b5b71ccfd7c597_mv2_d_200]
[static.wixstatic.com/media/baac51_b0b367782959434382f77ba6947792ea_mv2_d_2/v1/fill/w_147,h_110,al_c,q_80,usm_0.66_1.00_0.01,blur_2/baac51_b0b367782959434382f77ba6947792ea_mv2_d_200]
[static.wixstatic.com/media/baac51_6b27b52f603e464aa0cd8790f03c22f0_mv2_d_2/v1/fill/w_147,h_110,al_c,q_80,usm_0.66_1.00_0.01,blur_2/baac51_6b27b52f603e464aa0cd8790f03c22f0_mv2_d_200]
[static.wixstatic.com/media/baac51_765ee8d8af0242ef9a28d7f15b982643_mv2_d_2/v1/fill/w_147,h_110,al_c,q_80,usm_0.66_1.00_0.01,blur_2/baac51_765ee8d8af0242ef9a28d7f15b982643_mv2_d_200]
[static.wixstatic.com/media/baac51_f4267061a0fe4bb1acee7156275d4206_mv2_d_2/v1/fill/w_147,h_110,al_c,q_80,usm_0.66_1.00_0.01,blur_2/baac51_f4267061a0fe4bb1acee7156275d4206_mv2_d_200]
[www.wix.com/templateses/cap-hats_es/product-page/soy-un-producto-6.html]
[static.wixstatic.com/media/baac51_08eb214d899d45e6a204850dbe5d0e6b_mv2_d_2/v1/fill/w_147,h_110,al_c,q_80,usm_0.66_1.00_0.01,blur_2/baac51_08eb214d899d45e6a204850dbe5d0e6b_mv2_d_200]
[static.wixstatic.com/media/baac51_a6efca7b18ab4901866d336814d292fc_mv2_d_2/v1/fill/w_147,h_110,al_c,q_80,usm_0.66_1.00_0.01,blur_2/baac51_a6efca7b18ab4901866d336814d292fc_mv2_d_200]
[www.wix.com/templateses/cap-hats_es/product-page/soy-un-producto-7.html]
[static.wixstatic.com/media/baac51_8916d233b97e408db6bc3089911d00fc_mv2_d_2/v1/fill/w_147,h_110,al_c,q_80,usm_0.66_1.00_0.01,blur_2/baac51_8916d233b97e408db6bc3089911d00fc_mv2_d_200]
[www.wix.com/templateses/cap-hats_es/contacto.html]
[static.wixstatic.com/media/baac51_23d749587fb743859f9bb6b69a24f71e_mv2_d_2/v1/fill/w_147,h_110,al_c,q_80,usm_0.66_1.00_0.01,blur_2/baac51_23d749587fb743859f9bb6b69a24f71e_mv2_d_200]
[www.wix.com/templateses/cap-hats_es/blog.html]
[www.wix.com/templateses/cap-hats_es/nosotros.html]
[www.wix.com/templateses/cap-hats_es/preguntas-frecuentes.html]
[www.wix.com/templateses/cap-hats_es/envíos-y-devoluciones.html]
[www.wix.com/templateses/cap-hats_es/políticas-de-la-tienda.html]
[browser.sentry-cdn.com/6.18.2/bundle.min.js]
[www.wix.com/templateses/robots.2a.delayed]
[www.wix.com/templateses/sitemap.2b.delayed]
[www.wix.com/templateses/feed.2c.delayed]
[www.wix.com/templateses/${i.2d.delayed]
[static.parastorage.com/services/wix-thunderbolt/dist/thunderbolt-commons.e52dfaaa.bundle.min.js]
[static.parastorage.com/services/wix-thunderbolt/dist/main.66ad2b1b.bundle.min.js]
[static.parastorage.com/services/wix-thunderbolt/dist/main.renderer.1d21f023.bundle.min.js]
[static.parastorage.com/unpkg/lodash@4.17.21/lodash.min.js]
[static.parastorage.com/unpkg/react@18.3.1/umd/react.production.min.js]
[static.parastorage.com/unpkg/react-dom@18.3.1/umd/react-dom.production.min.js]
[static.parastorage.com/services/ecom-platform-cart-icon/1.1010.0/CartIconViewerWidgetNoCss.bundle.min.js]
[static.parastorage.com/services/wixstores-client-gallery/1.4658.0/GridGalleryViewerWidgetNoCss.bundle.min.js]
[static.parastorage.com/services/wix-thunderbolt/dist/browser-deprecation.bundle.es5.js]
[www.wix.com/templateses/decodeURIComponent(e.37.delayed]
[www.wix.com/templateses/cap-hats_es.html]
[static.parastorage.com/services/tag-manager-client/1.875.0/siteTags.bundle.min.js]
[www.wix.com/templateses/c.html]
[www.wix.com/templateses/t.html]
[www.wix.com/templateses/cap-hats_es/c.39.delayed]
[www.wix.com/templateses/cap-hats_es/t.3a.delayed]
[www.wix.com/templateses/cap-hats_es/robots.3b.delayed]
[www.wix.com/templateses/cap-hats_es/sitemap.3c.delayed]
[www.wix.com/templateses/cap-hats_es/feed.3d.delayed]
[www.wix.com/templateses/cap-hats_es/${i.3e.delayed]
[static.parastorage.com/services/wix-thunderbolt/dist/thunderbolt-commons.b70ee867.bundle.min.js]
[static.parastorage.com/services/wix-thunderbolt/dist/main.317ed945.bundle.min.js]
[static.parastorage.com/services/wixstores-client-cart-ooi/1.3748.0/cartViewerWidgetNoCss.bundle.min.js]
[www.wix.com/templateses/cap-hats_es/decodeURIComponent(e.42.delayed]
[www.wix.com/templateses/cap-hats_es/cart.html]
[www.wix.com/templateses/cap-hats_es/product-page/soy-un-producto-13.html]
[static.wixstatic.com/media/baac51_cc15a32b3f864d90a28c2147ea6ce220_mv2_d_2/v1/fill/w_147,h_110,al_c,q_80,usm_0.66_1.00_0.01,blur_2/baac51_cc15a32b3f864d90a28c2147ea6ce220_mv2_d_200]
[www.wix.com/templateses/cap-hats_es/product-page/soy-un-producto-14.html]
[static.wixstatic.com/media/baac51_61d694c9a6914fee885e62fdb85c2fa8_mv2_d_2/v1/fill/w_147,h_110,al_c,q_80,usm_0.66_1.00_0.01,blur_2/baac51_61d694c9a6914fee885e62fdb85c2fa8_mv2_d_200]
[www.wix.com/templateses/cap-hats_es/product-page/soy-un-producto-12.html]
[static.wixstatic.com/media/baac51_2464879cce9f4f5a93cbd2739c22ffd3_mv2_d_2/v1/fill/w_147,h_110,al_c,q_80,usm_0.66_1.00_0.01,blur_2/baac51_2464879cce9f4f5a93cbd2739c22ffd3_mv2_d_200]
[www.wix.com/templateses/cap-hats_es/product-page/soy-un-producto-15.html]
[static.wixstatic.com/media/baac51_3a6dae0b4c0a452b971843aacaf9177e_mv2_d_2/v1/fill/w_147,h_110,al_c,q_80,usm_0.66_1.00_0.01,blur_2/baac51_3a6dae0b4c0a452b971843aacaf9177e_mv2_d_200]
[www.wix.com/templateses/cap-hats_es/product-page/soy-un-producto-8.html]
[static.wixstatic.com/media/baac51_b6ab978a02aa4118b560e33d9a612834_mv2_d_2/v1/fill/w_147,h_110,al_c,q_80,usm_0.66_1.00_0.01,blur_2/baac51_b6ab978a02aa4118b560e33d9a612834_mv2_d_200]
[www.wix.com/templateses/cap-hats_es/product-page/soy-un-producto-9.html]
[static.wixstatic.com/media/baac51_ad98f3833ce34ae692269598c5e89e62_mv2_d_2/v1/fill/w_147,h_110,al_c,q_80,usm_0.66_1.00_0.01,blur_2/baac51_ad98f3833ce34ae692269598c5e89e62_mv2_d_200]
[www.wix.com/templateses/cap-hats_es/product-page/soy-un-producto-10.html]
[static.wixstatic.com/media/baac51_1d2733d042b54d3f8d4c146e2ac38b03_mv2_d_2/v1/fill/w_147,h_110,al_c,q_80,usm_0.66_1.00_0.01,blur_2/baac51_1d2733d042b54d3f8d4c146e2ac38b03_mv2_d_200]
[www.wix.com/templateses/cap-hats_es/tienda.html]
[www.wix.com/templateses/cap-hats_es/product-page/soy-un-producto-11.html]
[static.wixstatic.com/media/baac51_3af3d29549604ce5a86ca2b9e6e7c561_mv2_d_2/v1/fill/w_147,h_110,al_c,q_80,usm_0.66_1.00_0.01,blur_2/baac51_3af3d29549604ce5a86ca2b9e6e7c561_mv2_d_200]
[www.wix.com/templateses/cap-hats_es/product-page/c.5b.delayed]
[static.wixstatic.com/media/baac51_1e0b1577bf074f1ca801a440c5dbb9e9_mv2_d_2/v1/fill/w_147,h_110,al_c,q_80,usm_0.66_1.00_0.01,blur_2/baac51_1e0b1577bf074f1ca801a440c5dbb9e9_mv2_d_200]
[static.wixstatic.com/media/baac51_60fe1e255b2846208324524920fa88f0_mv2_d_2/v1/fill/w_147,h_110,al_c,q_80,usm_0.66_1.00_0.01,blur_2/baac51_60fe1e255b2846208324524920fa88f0_mv2_d_200]
[www.wix.com/templateses/cap-hats_es/product-page/t.5c.delayed]
[static.wixstatic.com/media/baac51_7231ebfbc6eb4478a259d6eb77a3bf73_mv2_d_2/v1/fill/w_147,h_110,al_c,q_80,usm_0.66_1.00_0.01,blur_2/baac51_7231ebfbc6eb4478a259d6eb77a3bf73_mv2_d_200]
[static.wixstatic.com/media/baac51_d6984efc6dff447f84c3aeae650e3897_mv2_d_2/v1/fill/w_147,h_110,al_c,q_80,usm_0.66_1.00_0.01,blur_2/baac51_d6984efc6dff447f84c3aeae650e3897_mv2_d_200]
[www.wix.com/templateses/cap-hats_es/product-page/robots.61.delayed]
[static.wixstatic.com/media/baac51_08e76b8a19994503a8e61f155da81e4a_mv2_d_2/v1/fill/w_147,h_110,al_c,q_80,usm_0.66_1.00_0.01,blur_2/baac51_08e76b8a19994503a8e61f155da81e4a_mv2_d_200]
[www.wix.com/templateses/cap-hats_es/product-page/sitemap.62.delayed]
[static.wixstatic.com/media/baac51_0eef2715f26c48a59afe1f15cc71f7d3_mv2_d_2/v1/fill/w_147,h_110,al_c,q_80,usm_0.66_1.00_0.01,blur_2/baac51_0eef2715f26c48a59afe1f15cc71f7d3_mv2_d_200]
[www.wix.com/templateses/cap-hats_es/product-page/feed.63.delayed]
[static.wixstatic.com/media/baac51_b6dc6f5ed6a94bf4a09dc5caf66a8849_mv2_d_2/v1/fill/w_147,h_110,al_c,q_80,usm_0.66_1.00_0.01,blur_2/baac51_b6dc6f5ed6a94bf4a09dc5caf66a8849_mv2_d_200]
[static.wixstatic.com/media/baac51_2a51e0ebd2c948b6a82677662d54db79_mv2_d_2/v1/fill/w_147,h_110,al_c,q_80,usm_0.66_1.00_0.01,blur_2/baac51_2a51e0ebd2c948b6a82677662d54db79_mv2_d_200]
[static.wixstatic.com/media/baac51_e0ebe39677864d7f934e2544bbf9ae19_mv2_d_2/v1/fill/w_996,h_746,al_c,q_85,usm_0.66_1.00_0.01/baac51_e0ebe39677864d7f934e2544bbf9ae19_mv2_d_2000_1500_]
[static.wixstatic.com/media/baac51_ae96d298952242c2bb5cce4abdcab7a9_mv2_d_2/v1/fill/w_996,h_746,al_c,q_85,usm_0.66_1.00_0.01/baac51_ae96d298952242c2bb5cce4abdcab7a9_mv2_d_2000_1500_]
[static.wixstatic.com/media/baac51_e0ebe39677864d7f934e2544bbf9ae19_mv2_d_2/v1/fill/w_45,h_45,al_c,q_50,usm_0.66_1.00_0.01/baac51_e0ebe39677864d7f934e2544bbf9ae19_mv2_d_2000_1500_s_]
[static.wixstatic.com/media/baac51_ae96d298952242c2bb5cce4abdcab7a9_mv2_d_2/v1/fill/w_45,h_45,al_c,q_50,usm_0.66_1.00_0.01/baac51_ae96d298952242c2bb5cce4abdcab7a9_mv2_d_2000_1500_s_]
[www.wix.com/templateses/cap-hats_es/product-page/${i.64.delayed]
[static.parastorage.com/services/wixstores-client-product-page/1.3239.0/ProductPageViewerWidgetNoCss.bundle.min.js]
[www.wix.com/templateses/cap-hats_es/product-page/decodeURIComponent(e.66.delayed]
[www.wix.com/templateses/cap-hats_es/product-page/soy-un-producto.html]
[www.wix.com/templateses/cap-hats_es/product-page/soy-un-producto-1.html]
[static.wixstatic.com/media/baac51_96428f6f85de47268baeffa9258f681f_mv2_d_2/v1/fill/w_996,h_746,al_c,q_85,usm_0.66_1.00_0.01/baac51_96428f6f85de47268baeffa9258f681f_mv2_d_2000_1500_]
[static.wixstatic.com/media/baac51_444fa6e3add545a6b3757f46a11ee9de_mv2_d_2/v1/fill/w_996,h_746,al_c,q_85,usm_0.66_1.00_0.01/baac51_444fa6e3add545a6b3757f46a11ee9de_mv2_d_2000_1500_]
[static.wixstatic.com/media/baac51_96428f6f85de47268baeffa9258f681f_mv2_d_2/v1/fill/w_45,h_45,al_c,q_50,usm_0.66_1.00_0.01/baac51_96428f6f85de47268baeffa9258f681f_mv2_d_2000_1500_s_]
[www.wix.com/templateses/cap-hats_es/product-page/soy-un-producto-2.html]
[static.wixstatic.com/media/baac51_34821e1460024305a72be06274bd65d6_mv2_d_2/v1/fill/w_996,h_746,al_c,q_85,usm_0.66_1.00_0.01/baac51_34821e1460024305a72be06274bd65d6_mv2_d_2000_1500_]
[static.wixstatic.com/media/baac51_b9031651b1e2480b80e11d455923f407_mv2_d_2/v1/fill/w_996,h_746,al_c,q_85,usm_0.66_1.00_0.01/baac51_b9031651b1e2480b80e11d455923f407_mv2_d_2000_1500_]
[www.wix.com/templateses/cap-hats_es/product-page/soy-un-producto-3.html]
[www.wix.com/templateses/cap-hats_es/product-page/soy-un-producto-4.html]
[static.wixstatic.com/media/baac51_3564de284ffd41e6a9b4f3f908e3003a_mv2_d_2/v1/fill/w_996,h_746,al_c,q_85,usm_0.66_1.00_0.01/baac51_3564de284ffd41e6a9b4f3f908e3003a_mv2_d_2000_1500_]
[static.wixstatic.com/media/baac51_09cf1d76e0dc44c4a7b5b71ccfd7c597_mv2_d_2/v1/fill/w_996,h_746,al_c,q_85,usm_0.66_1.00_0.01/baac51_09cf1d76e0dc44c4a7b5b71ccfd7c597_mv2_d_2000_1500_]
[www.wix.com/templateses/cap-hats_es/product-page/soy-un-producto-5.html]
[static.wixstatic.com/media/baac51_444fa6e3add545a6b3757f46a11ee9de_mv2_d_2/v1/fill/w_45,h_45,al_c,q_50,usm_0.66_1.00_0.01/baac51_444fa6e3add545a6b3757f46a11ee9de_mv2_d_2000_1500_s_]
[static.wixstatic.com/media/baac51_09cf1d76e0dc44c4a7b5b71ccfd7c597_mv2_d_2/v1/fill/w_45,h_45,al_c,q_50,usm_0.66_1.00_0.01/baac51_09cf1d76e0dc44c4a7b5b71ccfd7c597_mv2_d_2000_1500_s_]
[static.wixstatic.com/media/baac51_34821e1460024305a72be06274bd65d6_mv2_d_2/v1/fill/w_45,h_45,al_c,q_50,usm_0.66_1.00_0.01/baac51_34821e1460024305a72be06274bd65d6_mv2_d_2000_1500_s_]
[static.wixstatic.com/media/baac51_b0b367782959434382f77ba6947792ea_mv2_d_2/v1/fill/w_996,h_746,al_c,q_85,usm_0.66_1.00_0.01/baac51_b0b367782959434382f77ba6947792ea_mv2_d_2000_1500_]
[www.wix.com/templateses/cap-hats_es/product-page/soy-un-producto-6.html]
[static.wixstatic.com/media/baac51_b9031651b1e2480b80e11d455923f407_mv2_d_2/v1/fill/w_45,h_45,al_c,q_50,usm_0.66_1.00_0.01/baac51_b9031651b1e2480b80e11d455923f407_mv2_d_2000_1500_s_]
[static.wixstatic.com/media/baac51_6b27b52f603e464aa0cd8790f03c22f0_mv2_d_2/v1/fill/w_996,h_746,al_c,q_85,usm_0.66_1.00_0.01/baac51_6b27b52f603e464aa0cd8790f03c22f0_mv2_d_2000_1500_]
[static.wixstatic.com/media/baac51_b0b367782959434382f77ba6947792ea_mv2_d_2/v1/fill/w_45,h_45,al_c,q_50,usm_0.66_1.00_0.01/baac51_b0b367782959434382f77ba6947792ea_mv2_d_2000_1500_s_]
[www.wix.com/templateses/cap-hats_es/product-page/soy-un-producto-7.html]
[static.wixstatic.com/media/baac51_765ee8d8af0242ef9a28d7f15b982643_mv2_d_2/v1/fill/w_996,h_746,al_c,q_85,usm_0.66_1.00_0.01/baac51_765ee8d8af0242ef9a28d7f15b982643_mv2_d_2000_1500_]
[static.wixstatic.com/media/baac51_6b27b52f603e464aa0cd8790f03c22f0_mv2_d_2/v1/fill/w_45,h_45,al_c,q_50,usm_0.66_1.00_0.01/baac51_6b27b52f603e464aa0cd8790f03c22f0_mv2_d_2000_1500_s_]
[static.wixstatic.com/media/baac51_f4267061a0fe4bb1acee7156275d4206_mv2_d_2/v1/fill/w_996,h_746,al_c,q_85,usm_0.66_1.00_0.01/baac51_f4267061a0fe4bb1acee7156275d4206_mv2_d_2000_1500_]
[www.wix.com/templateses/cap-hats_es/contacto.html]
[static.wixstatic.com/media/baac51_3564de284ffd41e6a9b4f3f908e3003a_mv2_d_2/v1/fill/w_45,h_45,al_c,q_50,usm_0.66_1.00_0.01/baac51_3564de284ffd41e6a9b4f3f908e3003a_mv2_d_2000_1500_s_]
[static.wixstatic.com/media/baac51_765ee8d8af0242ef9a28d7f15b982643_mv2_d_2/v1/fill/w_45,h_45,al_c,q_50,usm_0.66_1.00_0.01/baac51_765ee8d8af0242ef9a28d7f15b982643_mv2_d_2000_1500_s_]
[static.wixstatic.com/media/baac51_f4267061a0fe4bb1acee7156275d4206_mv2_d_2/v1/fill/w_45,h_45,al_c,q_50,usm_0.66_1.00_0.01/baac51_f4267061a0fe4bb1acee7156275d4206_mv2_d_2000_1500_s_]
[static.wixstatic.com/media/baac51_08eb214d899d45e6a204850dbe5d0e6b_mv2_d_2/v1/fill/w_996,h_746,al_c,q_85,usm_0.66_1.00_0.01/baac51_08eb214d899d45e6a204850dbe5d0e6b_mv2_d_2000_1500_]
[static.parastorage.com/services/communities-blog-ooi/1.2117.0/client-viewer/9143.chunk.min.js]
[static.wixstatic.com/media/baac51_a6efca7b18ab4901866d336814d292fc_mv2_d_2/v1/fill/w_996,h_746,al_c,q_85,usm_0.66_1.00_0.01/baac51_a6efca7b18ab4901866d336814d292fc_mv2_d_2000_1500_]
[static.wixstatic.com/media/baac51_08eb214d899d45e6a204850dbe5d0e6b_mv2_d_2/v1/fill/w_45,h_45,al_c,q_50,usm_0.66_1.00_0.01/baac51_08eb214d899d45e6a204850dbe5d0e6b_mv2_d_2000_1500_s_]
[static.parastorage.com/services/communities-blog-ooi/1.2117.0/client-viewer/6910.chunk.min.js]
[static.wixstatic.com/media/baac51_a6efca7b18ab4901866d336814d292fc_mv2_d_2/v1/fill/w_45,h_45,al_c,q_50,usm_0.66_1.00_0.01/baac51_a6efca7b18ab4901866d336814d292fc_mv2_d_2000_1500_s_]
[static.parastorage.com/services/communities-blog-ooi/1.2117.0/client-viewer/post-list-pro-gallery.chunk.min.js]
[static.wixstatic.com/media/baac51_8916d233b97e408db6bc3089911d00fc_mv2_d_2/v1/fill/w_996,h_746,al_c,q_85,usm_0.66_1.00_0.01/baac51_8916d233b97e408db6bc3089911d00fc_mv2_d_2000_1500_]
[www.wix.com/templateses/cap-hats_es/post/dónde-ver-el-mejor-arte-callejero-de-la-ciudad.html]
[static.wixstatic.com/media/baac51_23d749587fb743859f9bb6b69a24f71e_mv2_d_2/v1/fill/w_996,h_746,al_c,q_85,usm_0.66_1.00_0.01/baac51_23d749587fb743859f9bb6b69a24f71e_mv2_d_2000_1500_]
[www.wix.com/templateses/cap-hats_es/blog.html]
[static.wixstatic.com/media/baac51_23d749587fb743859f9bb6b69a24f71e_mv2_d_2/v1/fill/w_45,h_45,al_c,q_50,usm_0.66_1.00_0.01/baac51_23d749587fb743859f9bb6b69a24f71e_mv2_d_2000_1500_s_]
[static.parastorage.com/services/communities-blog-ooi/1.2117.0/BlogViewerWidgetNoCss.bundle.min.js]
[www.wix.com/templateses/cap-hats_es/post/últimas-tendencias-en-moda-urbana.html]
[static.wixstatic.com/media/baac51_8916d233b97e408db6bc3089911d00fc_mv2_d_2/v1/fill/w_45,h_45,al_c,q_50,usm_0.66_1.00_0.01/baac51_8916d233b97e408db6bc3089911d00fc_mv2_d_2000_1500_s_]
[static.wixstatic.com/media/baac51_f659b3c18b5a4478b7bf426036b0ada0_mv2_d_6/v1/fill/w_123,h_82,al_c,q_80,usm_0.66_1.00_0.01,blur_2,/baac51_f659b3c18b5a4478b7bf426036b0ada0_mv2_d_600]
[www.wix.com/templateses/cap-hats_es/nosotros.html]
[www.wix.com/templateses/cap-hats_es/preguntas-frecuentes.html]
[www.wix.com/templateses/cap-hats_es/envíos-y-devoluciones.html]
[www.wix.com/templateses/cap-hats_es/políticas-de-la-tienda.html]
[browser.sentry-cdn.com/7.119.0/bundle.tracing.es5.min.js]
[www.wix.com/templateses/robots.html]
[www.wix.com/templateses/sitemap.html]
[www.wix.com/templateses/feed.html]
[www.wix.com/templateses/${i.html]
[www.wix.com/templateses/decodeURIComponent(e.html]
[www.wix.com/templateses/cap-hats_es/c.html]
[www.wix.com/templateses/cap-hats_es/t.html]
[www.wix.com/templateses/cap-hats_es/robots.html]
[www.wix.com/templateses/cap-hats_es/sitemap.html]
[www.wix.com/templateses/cap-hats_es/feed.html]
[www.wix.com/templateses/cap-hats_es/${i.html]
[www.wix.com/templateses/cap-hats_es/decodeURIComponent(e.html]
[www.wix.com/templateses/cap-hats_es/product-page/soy-un-producto-13.html]
[static.wixstatic.com/media/baac51_cc15a32b3f864d90a28c2147ea6ce220_mv2_d_2/v1/fill/w_996,h_746,al_c,q_85,usm_0.66_1.00_0.01/baac51_cc15a32b3f864d90a28c2147ea6ce220_mv2_d_2000_1500_]
[static.wixstatic.com/media/baac51_61d694c9a6914fee885e62fdb85c2fa8_mv2_d_2/v1/fill/w_996,h_746,al_c,q_85,usm_0.66_1.00_0.01/baac51_61d694c9a6914fee885e62fdb85c2fa8_mv2_d_2000_1500_]
[www.wix.com/templateses/cap-hats_es/product-page/soy-un-producto-14.html]
[static.wixstatic.com/media/baac51_681fcaf99e04488597c34c88e4252493_mv2_d_2/v1/fill/w_36,h_36,al_c,q_80,usm_0.66_1.00_0.01,blur_2,e/baac51_681fcaf99e04488597c34c88e4252493_mv2_d_248]
[static.wixstatic.com/media/baac51_43fb14c022a84f0fb322a972473ec0d2_mv2_d_4/v1/fill/w_48,h_36,al_c,q_80,usm_0.66_1.00_0.01,blur_2,e/baac51_43fb14c022a84f0fb322a972473ec0d2_mv2_d_400]
[www.wix.com/templateses/cap-hats_es/product-page/soy-un-producto-12.html]
[static.wixstatic.com/media/baac51_653e43e568544818accb5f2d87e99f2e_mv2_d_5/v1/fill/w_46,h_36,al_c,q_80,usm_0.66_1.00_0.01,blur_2,e/baac51_653e43e568544818accb5f2d87e99f2e_mv2_d_500]
[static.wixstatic.com/media/baac51_2464879cce9f4f5a93cbd2739c22ffd3_mv2_d_2/v1/fill/w_996,h_746,al_c,q_85,usm_0.66_1.00_0.01/baac51_2464879cce9f4f5a93cbd2739c22ffd3_mv2_d_2000_1500_]
[static.wixstatic.com/media/baac51_3a6dae0b4c0a452b971843aacaf9177e_mv2_d_2/v1/fill/w_996,h_746,al_c,q_85,usm_0.66_1.00_0.01/baac51_3a6dae0b4c0a452b971843aacaf9177e_mv2_d_2000_1500_]
[www.wix.com/templateses/cap-hats_es/product-page/soy-un-producto-15.html]
[static.wixstatic.com/media/baac51_cc15a32b3f864d90a28c2147ea6ce220_mv2_d_2/v1/fill/w_45,h_45,al_c,q_50,usm_0.66_1.00_0.01/baac51_cc15a32b3f864d90a28c2147ea6ce220_mv2_d_2000_1500_s_]
[static.wixstatic.com/media/baac51_b6ab978a02aa4118b560e33d9a612834_mv2_d_2/v1/fill/w_996,h_746,al_c,q_85,usm_0.66_1.00_0.01/baac51_b6ab978a02aa4118b560e33d9a612834_mv2_d_2000_1500_]
[www.wix.com/templateses/cap-hats_es/product-page/soy-un-producto-8.html]
[static.wixstatic.com/media/baac51_ad98f3833ce34ae692269598c5e89e62_mv2_d_2/v1/fill/w_996,h_746,al_c,q_85,usm_0.66_1.00_0.01/baac51_ad98f3833ce34ae692269598c5e89e62_mv2_d_2000_1500_]
[static.wixstatic.com/media/baac51_61d694c9a6914fee885e62fdb85c2fa8_mv2_d_2/v1/fill/w_45,h_45,al_c,q_50,usm_0.66_1.00_0.01/baac51_61d694c9a6914fee885e62fdb85c2fa8_mv2_d_2000_1500_s_]
[www.wix.com/templateses/cap-hats_es/product-page/soy-un-producto-9.html]
[static.wixstatic.com/media/baac51_2464879cce9f4f5a93cbd2739c22ffd3_mv2_d_2/v1/fill/w_45,h_45,al_c,q_50,usm_0.66_1.00_0.01/baac51_2464879cce9f4f5a93cbd2739c22ffd3_mv2_d_2000_1500_s_]
[static.wixstatic.com/media/baac51_3a6dae0b4c0a452b971843aacaf9177e_mv2_d_2/v1/fill/w_45,h_45,al_c,q_50,usm_0.66_1.00_0.01/baac51_3a6dae0b4c0a452b971843aacaf9177e_mv2_d_2000_1500_s_]
[static.wixstatic.com/media/baac51_1d2733d042b54d3f8d4c146e2ac38b03_mv2_d_2/v1/fill/w_996,h_746,al_c,q_85,usm_0.66_1.00_0.01/baac51_1d2733d042b54d3f8d4c146e2ac38b03_mv2_d_2000_1500_]
[www.wix.com/templateses/cap-hats_es/product-page/soy-un-producto-10.html]
[static.wixstatic.com/media/baac51_3af3d29549604ce5a86ca2b9e6e7c561_mv2_d_2/v1/fill/w_996,h_746,al_c,q_85,usm_0.66_1.00_0.01/baac51_3af3d29549604ce5a86ca2b9e6e7c561_mv2_d_2000_1500_]
[www.wix.com/templateses/cap-hats_es/product-page/soy-un-producto-11.html]
[static.wixstatic.com/media/baac51_b6ab978a02aa4118b560e33d9a612834_mv2_d_2/v1/fill/w_45,h_45,al_c,q_50,usm_0.66_1.00_0.01/baac51_b6ab978a02aa4118b560e33d9a612834_mv2_d_2000_1500_s_]
[static.wixstatic.com/media/baac51_1e0b1577bf074f1ca801a440c5dbb9e9_mv2_d_2/v1/fill/w_996,h_746,al_c,q_85,usm_0.66_1.00_0.01/baac51_1e0b1577bf074f1ca801a440c5dbb9e9_mv2_d_2000_1500_]
[www.wix.com/templateses/cap-hats_es/product-page/c.html]
[static.wixstatic.com/media/baac51_60fe1e255b2846208324524920fa88f0_mv2_d_2/v1/fill/w_996,h_746,al_c,q_85,usm_0.66_1.00_0.01/baac51_60fe1e255b2846208324524920fa88f0_mv2_d_2000_1500_]
[www.wix.com/templateses/cap-hats_es/product-page/t.html]
[static.wixstatic.com/media/baac51_ad98f3833ce34ae692269598c5e89e62_mv2_d_2/v1/fill/w_45,h_45,al_c,q_50,usm_0.66_1.00_0.01/baac51_ad98f3833ce34ae692269598c5e89e62_mv2_d_2000_1500_s_]
[www.wix.com/templateses/cap-hats_es/product-page/robots.html]
[static.wixstatic.com/media/baac51_1d2733d042b54d3f8d4c146e2ac38b03_mv2_d_2/v1/fill/w_45,h_45,al_c,q_50,usm_0.66_1.00_0.01/baac51_1d2733d042b54d3f8d4c146e2ac38b03_mv2_d_2000_1500_s_]
[www.wix.com/templateses/cap-hats_es/product-page/sitemap.html]
[static.wixstatic.com/media/baac51_3af3d29549604ce5a86ca2b9e6e7c561_mv2_d_2/v1/fill/w_45,h_45,al_c,q_50,usm_0.66_1.00_0.01/baac51_3af3d29549604ce5a86ca2b9e6e7c561_mv2_d_2000_1500_s_]
[www.wix.com/templateses/cap-hats_es/product-page/feed.html]
[static.wixstatic.com/media/baac51_7231ebfbc6eb4478a259d6eb77a3bf73_mv2_d_2/v1/fill/w_996,h_746,al_c,q_85,usm_0.66_1.00_0.01/baac51_7231ebfbc6eb4478a259d6eb77a3bf73_mv2_d_2000_1500_]
[static.wixstatic.com/media/baac51_d6984efc6dff447f84c3aeae650e3897_mv2_d_2/v1/fill/w_996,h_746,al_c,q_85,usm_0.66_1.00_0.01/baac51_d6984efc6dff447f84c3aeae650e3897_mv2_d_2000_1500_]
[www.wix.com/templateses/cap-hats_es/product-page/${i.html]
[www.wix.com/templateses/cap-hats_es/product-page/decodeURIComponent(e.html]
[static.wixstatic.com/media/baac51_1e0b1577bf074f1ca801a440c5dbb9e9_mv2_d_2/v1/fill/w_45,h_45,al_c,q_50,usm_0.66_1.00_0.01/baac51_1e0b1577bf074f1ca801a440c5dbb9e9_mv2_d_2000_1500_s_]
[static.wixstatic.com/media/baac51_08e76b8a19994503a8e61f155da81e4a_mv2_d_2/v1/fill/w_996,h_746,al_c,q_85,usm_0.66_1.00_0.01/baac51_08e76b8a19994503a8e61f155da81e4a_mv2_d_2000_1500_]
[static.wixstatic.com/media/baac51_60fe1e255b2846208324524920fa88f0_mv2_d_2/v1/fill/w_45,h_45,al_c,q_50,usm_0.66_1.00_0.01/baac51_60fe1e255b2846208324524920fa88f0_mv2_d_2000_1500_s_]
[static.wixstatic.com/media/baac51_7231ebfbc6eb4478a259d6eb77a3bf73_mv2_d_2/v1/fill/w_45,h_45,al_c,q_50,usm_0.66_1.00_0.01/baac51_7231ebfbc6eb4478a259d6eb77a3bf73_mv2_d_2000_1500_s_]
[static.wixstatic.com/media/baac51_d6984efc6dff447f84c3aeae650e3897_mv2_d_2/v1/fill/w_45,h_45,al_c,q_50,usm_0.66_1.00_0.01/baac51_d6984efc6dff447f84c3aeae650e3897_mv2_d_2000_1500_s_]
[static.wixstatic.com/media/baac51_0eef2715f26c48a59afe1f15cc71f7d3_mv2_d_2/v1/fill/w_996,h_746,al_c,q_85,usm_0.66_1.00_0.01/baac51_0eef2715f26c48a59afe1f15cc71f7d3_mv2_d_2000_1500_]
[static.wixstatic.com/media/baac51_08e76b8a19994503a8e61f155da81e4a_mv2_d_2/v1/fill/w_45,h_45,al_c,q_50,usm_0.66_1.00_0.01/baac51_08e76b8a19994503a8e61f155da81e4a_mv2_d_2000_1500_s_]
[static.wixstatic.com/media/baac51_0eef2715f26c48a59afe1f15cc71f7d3_mv2_d_2/v1/fill/w_45,h_45,al_c,q_50,usm_0.66_1.00_0.01/baac51_0eef2715f26c48a59afe1f15cc71f7d3_mv2_d_2000_1500_s_]
[static.wixstatic.com/media/baac51_b6dc6f5ed6a94bf4a09dc5caf66a8849_mv2_d_2/v1/fill/w_996,h_746,al_c,q_85,usm_0.66_1.00_0.01/baac51_b6dc6f5ed6a94bf4a09dc5caf66a8849_mv2_d_2000_1500_]
[static.wixstatic.com/media/baac51_2a51e0ebd2c948b6a82677662d54db79_mv2_d_2/v1/fill/w_996,h_746,al_c,q_85,usm_0.66_1.00_0.01/baac51_2a51e0ebd2c948b6a82677662d54db79_mv2_d_2000_1500_]
[static.wixstatic.com/media/baac51_b6dc6f5ed6a94bf4a09dc5caf66a8849_mv2_d_2/v1/fill/w_45,h_45,al_c,q_50,usm_0.66_1.00_0.01/baac51_b6dc6f5ed6a94bf4a09dc5caf66a8849_mv2_d_2000_1500_s_]
[static.wixstatic.com/media/baac51_2a51e0ebd2c948b6a82677662d54db79_mv2_d_2/v1/fill/w_45,h_45,al_c,q_50,usm_0.66_1.00_0.01/baac51_2a51e0ebd2c948b6a82677662d54db79_mv2_d_2000_1500_s_]
[www.wix.com/templateses/cap-hats_es/post/c.html]
[www.wix.com/templateses/cap-hats_es/post/t.af.delayed]
[static.parastorage.com/services/communities-blog-ooi/1.2117.0/client-viewer/1903.chunk.min.js]
[static.parastorage.com/services/communities-blog-ooi/1.2117.0/client-viewer/1022.chunk.min.js]
[static.parastorage.com/services/communities-blog-ooi/1.2117.0/client-viewer/4413.chunk.min.js]
[static.parastorage.com/services/communities-blog-ooi/1.2117.0/client-viewer/6952.chunk.min.js]
[static.parastorage.com/services/communities-blog-ooi/1.2117.0/client-viewer/1460.chunk.min.js]
[static.parastorage.com/services/communities-blog-ooi/1.2117.0/client-viewer/6098.chunk.min.js]
[static.parastorage.com/services/communities-blog-ooi/1.2117.0/client-viewer/5760.chunk.min.js]
[static.parastorage.com/services/communities-blog-ooi/1.2117.0/client-viewer/rich-content-viewer.chunk.min.js]
[static.parastorage.com/services/communities-blog-ooi/1.2117.0/client-viewer/8132.chunk.min.js]
[static.parastorage.com/services/communities-blog-ooi/1.2117.0/client-viewer/ricos_plugin_image.chunk.min.js]
[static.wixstatic.com/media/24536d_c4eaf2de37d244a8a77d45bd59ab805d_mv2.jpe/v1/fill/w_147,h_85,al_c,q_80,usm_0.66_1.00_0.01,blur_2,/24536d_c4eaf2de37d244a8a77d45bd59ab805d_mv2.ba.de]
[www.wix.com/templateses/cap-hats_es/blog/hashtags/sueño.html]
[www.wix.com/templateses/cap-hats_es/blog/hashtags/verano.html]
[www.wix.com/templateses/cap-hats_es/post/tenemos-nueva-tienda-pop-up-en-la-ciudad.html]
[www.wix.com/templateses/cap-hats_es/post/llega-la-temporada-del-surfing-de-invierno.html]
[www.wix.com/templateses/cap-hats_es/post/robots.bf.delayed]
[www.wix.com/templateses/cap-hats_es/post/sitemap.c0.delayed]
[www.wix.com/templateses/cap-hats_es/post/feed.c1.delayed]
[www.wix.com/templateses/cap-hats_es/post/${i.c2.delayed]
[static.parastorage.com/services/communities-blog-ooi/1.2117.0/PostViewerWidgetNoCss.bundle.min.js]
[www.wix.com/templateses/cap-hats_es/post/decodeURIComponent(e.c4.delayed]
[www.wix.com/templateses/cap-hats_es/post/dónde-ver-el-mejor-arte-callejero-de-la-ciudad.html]
[www.wix.com/templateses/cap-hats_es/post/últimas-tendencias-en-moda-urbana.html]
[www.wix.com/templateses/cap-hats_es/post/c.html]
[www.wix.com/templateses/cap-hats_es/post/t.html]
[static.wixstatic.com/media/24536d_b6d742070a6b415da1444fb2dea0be22_mv2.jpe/v1/fill/w_147,h_87,al_c,q_80,usm_0.66_1.00_0.01,blur_2,/24536d_b6d742070a6b415da1444fb2dea0be22_mv2.c5.de]
[www.wix.com/templateses/cap-hats_es/blog/hashtags/c.c6.delayed]
[www.wix.com/templateses/cap-hats_es/blog/hashtags/t.c7.delayed]
[www.wix.com/templateses/cap-hats_es/blog/hashtags/robots.c8.delayed]
[www.wix.com/templateses/cap-hats_es/blog/hashtags/sitemap.c9.delayed]
[www.wix.com/templateses/cap-hats_es/blog/hashtags/feed.ca.delayed]
[www.wix.com/templateses/cap-hats_es/blog/hashtags/${i.cb.delayed]
[www.wix.com/templateses/cap-hats_es/blog/hashtags/decodeURIComponent(e.cc.delayed]
[www.wix.com/templateses/cap-hats_es/blog/hashtags/sueño.html]
[www.wix.com/templateses/cap-hats_es/blog/hashtags/verano.html]
[www.wix.com/templateses/cap-hats_es/post/tenemos-nueva-tienda-pop-up-en-la-ciudad.html]
[www.wix.com/templateses/cap-hats_es/post/llega-la-temporada-del-surfing-de-invierno.html]
[www.wix.com/templateses/cap-hats_es/post/robots.html]
[www.wix.com/templateses/cap-hats_es/post/sitemap.html]
[www.wix.com/templateses/cap-hats_es/post/feed.html]
[www.wix.com/templateses/cap-hats_es/post/${i.html]
[www.wix.com/templateses/cap-hats_es/post/decodeURIComponent(e.html]
[www.wix.com/templateses/cap-hats_es/blog/hashtags/c.html]
[www.wix.com/templateses/cap-hats_es/blog/hashtags/t.html]
[www.wix.com/templateses/cap-hats_es/blog/hashtags/robots.html]
[www.wix.com/templateses/cap-hats_es/blog/hashtags/sitemap.html]
[www.wix.com/templateses/cap-hats_es/blog/hashtags/feed.html]
[www.wix.com/templateses/cap-hats_es/blog/hashtags/${i.html]
[www.wix.com/templateses/cap-hats_es/blog/hashtags/decodeURIComponent(e.html]
[static.wixstatic.com/media/24536d_7c55dbed676844da8e74f42b76d76b51_mv2.jpe/v1/fill/w_147,h_89,al_c,q_80,usm_0.66_1.00_0.01,blur_2,/24536d_7c55dbed676844da8e74f42b76d76b51_mv2.cd.de]
[static.wixstatic.com/media/24536d_dcb05df349ed4cf9bdc3100d3335f6be_mv2.jpe/v1/fill/w_147,h_81,al_c,q_80,usm_0.66_1.00_0.01,blur_2,/24536d_dcb05df349ed4cf9bdc3100d3335f6be_mv2.ce.de]
